[2024-08-29T15:02:52.433+0000] {local_task_job_runner.py:120} INFO - ::group::Pre task execution logs
[2024-08-29T15:02:52.815+0000] {taskinstance.py:2076} INFO - Dependencies all met for dep_context=non-requeueable deps ti=<TaskInstance: simple_dag.get_data manual__2024-08-29T15:01:24.549750+00:00 [queued]>
[2024-08-29T15:02:52.838+0000] {taskinstance.py:2076} INFO - Dependencies all met for dep_context=requeueable deps ti=<TaskInstance: simple_dag.get_data manual__2024-08-29T15:01:24.549750+00:00 [queued]>
[2024-08-29T15:02:52.840+0000] {taskinstance.py:2306} INFO - Starting attempt 2 of 2
[2024-08-29T15:02:52.886+0000] {taskinstance.py:2330} INFO - Executing <Task(PythonOperator): get_data> on 2024-08-29 15:01:24.549750+00:00
[2024-08-29T15:02:52.914+0000] {warnings.py:112} WARNING - /home/***/.local/lib/python3.12/site-packages/***/task/task_runner/standard_task_runner.py:62: DeprecationWarning: This process (pid=187) is multi-threaded, use of fork() may lead to deadlocks in the child.
  pid = os.fork()

[2024-08-29T15:02:52.918+0000] {standard_task_runner.py:90} INFO - Running: ['***', 'tasks', 'run', 'simple_dag', 'get_data', 'manual__2024-08-29T15:01:24.549750+00:00', '--job-id', '285', '--raw', '--subdir', 'DAGS_FOLDER/envioemail.py', '--cfg-path', '/tmp/tmp0jmkurzf']
[2024-08-29T15:02:52.925+0000] {standard_task_runner.py:64} INFO - Started process 189 to run task
[2024-08-29T15:02:52.928+0000] {standard_task_runner.py:91} INFO - Job 285: Subtask get_data
[2024-08-29T15:02:53.127+0000] {task_command.py:426} INFO - Running <TaskInstance: simple_dag.get_data manual__2024-08-29T15:01:24.549750+00:00 [running]> on host 00cc7a82b56e
[2024-08-29T15:02:53.674+0000] {taskinstance.py:2648} INFO - Exporting env vars: AIRFLOW_CTX_DAG_OWNER='***' AIRFLOW_CTX_DAG_ID='simple_dag' AIRFLOW_CTX_TASK_ID='get_data' AIRFLOW_CTX_EXECUTION_DATE='2024-08-29T15:01:24.549750+00:00' AIRFLOW_CTX_TRY_NUMBER='2' AIRFLOW_CTX_DAG_RUN_ID='manual__2024-08-29T15:01:24.549750+00:00'
[2024-08-29T15:02:53.677+0000] {taskinstance.py:430} INFO - ::endgroup::
[2024-08-29T15:02:53.765+0000] {base.py:84} INFO - Using connection ID 'my_mssql_conn_id' for task execution.
[2024-08-29T15:03:14.824+0000] {taskinstance.py:441} INFO - ::group::Post task execution logs
[2024-08-29T15:03:14.825+0000] {taskinstance.py:2905} ERROR - Task failed with exception
Traceback (most recent call last):
  File "src/pymssql/_pymssql.pyx", line 650, in pymssql._pymssql.connect
  File "src/pymssql/_mssql.pyx", line 2155, in pymssql._mssql.connect
  File "src/pymssql/_mssql.pyx", line 712, in pymssql._mssql.MSSQLConnection.__init__
  File "src/pymssql/_mssql.pyx", line 1881, in pymssql._mssql.maybe_raise_MSSQLDatabaseException
  File "src/pymssql/_mssql.pyx", line 1898, in pymssql._mssql.raise_MSSQLDatabaseException
pymssql._mssql.MSSQLDatabaseException: (20009, b'DB-Lib error message 20009, severity 9:\nUnable to connect: Adaptive Server is unavailable or does not exist (192.168.1.146)\nNet-Lib error during Connection refused (111)\nDB-Lib error message 20009, severity 9:\nUnable to connect: Adaptive Server is unavailable or does not exist (192.168.1.146)\nNet-Lib error during Connection refused (111)\n')

During handling of the above exception, another exception occurred:

Traceback (most recent call last):
  File "/home/airflow/.local/lib/python3.12/site-packages/airflow/models/taskinstance.py", line 465, in _execute_task
    result = _execute_callable(context=context, **execute_callable_kwargs)
             ^^^^^^^^^^^^^^^^^^^^^^^^^^^^^^^^^^^^^^^^^^^^^^^^^^^^^^^^^^^^^
  File "/home/airflow/.local/lib/python3.12/site-packages/airflow/models/taskinstance.py", line 432, in _execute_callable
    return execute_callable(context=context, **execute_callable_kwargs)
           ^^^^^^^^^^^^^^^^^^^^^^^^^^^^^^^^^^^^^^^^^^^^^^^^^^^^^^^^^^^^
  File "/home/airflow/.local/lib/python3.12/site-packages/airflow/models/baseoperator.py", line 401, in wrapper
    return func(self, *args, **kwargs)
           ^^^^^^^^^^^^^^^^^^^^^^^^^^^
  File "/home/airflow/.local/lib/python3.12/site-packages/airflow/operators/python.py", line 235, in execute
    return_value = self.execute_callable()
                   ^^^^^^^^^^^^^^^^^^^^^^^
  File "/home/airflow/.local/lib/python3.12/site-packages/airflow/operators/python.py", line 252, in execute_callable
    return self.python_callable(*self.op_args, **self.op_kwargs)
           ^^^^^^^^^^^^^^^^^^^^^^^^^^^^^^^^^^^^^^^^^^^^^^^^^^^^^
  File "/opt/airflow/dags/funciones.py", line 21, in query_mssql
    conn = pymssql.connect(server=host, user=username, password=password, database=database)
           ^^^^^^^^^^^^^^^^^^^^^^^^^^^^^^^^^^^^^^^^^^^^^^^^^^^^^^^^^^^^^^^^^^^^^^^^^^^^^^^^^
  File "src/pymssql/_pymssql.pyx", line 659, in pymssql._pymssql.connect
pymssql.exceptions.OperationalError: (20009, b'DB-Lib error message 20009, severity 9:\nUnable to connect: Adaptive Server is unavailable or does not exist (192.168.1.146)\nNet-Lib error during Connection refused (111)\nDB-Lib error message 20009, severity 9:\nUnable to connect: Adaptive Server is unavailable or does not exist (192.168.1.146)\nNet-Lib error during Connection refused (111)\n')
[2024-08-29T15:03:14.849+0000] {taskinstance.py:1206} INFO - Marking task as FAILED. dag_id=simple_dag, task_id=get_data, run_id=manual__2024-08-29T15:01:24.549750+00:00, execution_date=20240829T150124, start_date=20240829T150252, end_date=20240829T150314
[2024-08-29T15:03:14.873+0000] {standard_task_runner.py:110} ERROR - Failed to execute job 285 for task get_data ((20009, b'DB-Lib error message 20009, severity 9:\nUnable to connect: Adaptive Server is unavailable or does not exist (192.168.1.146)\nNet-Lib error during Connection refused (111)\nDB-Lib error message 20009, severity 9:\nUnable to connect: Adaptive Server is unavailable or does not exist (192.168.1.146)\nNet-Lib error during Connection refused (111)\n'); 189)
[2024-08-29T15:03:14.922+0000] {local_task_job_runner.py:243} INFO - Task exited with return code 1
[2024-08-29T15:03:14.971+0000] {taskinstance.py:3503} INFO - 0 downstream tasks scheduled from follow-on schedule check
[2024-08-29T15:03:14.978+0000] {local_task_job_runner.py:222} INFO - ::endgroup::
